<?xml version="1.0" encoding="UTF-8"?>
<!-- Generated by org.testng.reporters.JUnitXMLReporter -->
<testsuite hostname="MC0Y6RJC" ignored="0" name="Test" tests="4" failures="3" timestamp="30 Mar 2018 09:09:17 GMT" time="38.057" errors="0">
  <testcase name="login" time="6.606" classname="com.assignment5.ShoppingXML"/>
  <testcase name="selectDress" time="7.757" classname="com.assignment5.ShoppingXML">
    <failure type="org.openqa.selenium.ElementNotVisibleException" message="Element is not currently visible and so may not be interacted with
Command duration or timeout: 16 milliseconds">
      <![CDATA[org.openqa.selenium.ElementNotVisibleException: Element is not currently visible and so may not be interacted withCommand duration or timeout: 16 millisecondsat org.openqa.selenium.remote.ErrorHandler.createThrowable(ErrorHandler.java:215)at org.openqa.selenium.remote.ErrorHandler.throwIfResponseFailed(ErrorHandler.java:167)at org.openqa.selenium.remote.RemoteWebDriver.execute(RemoteWebDriver.java:671)at org.openqa.selenium.remote.RemoteWebElement.execute(RemoteWebElement.java:272)at org.openqa.selenium.remote.RemoteWebElement.click(RemoteWebElement.java:82)at com.assignment5.ShoppingXML.selectDress(ShoppingXML.java:127)Caused by: org.openqa.selenium.ElementNotVisibleException: Element is not currently visible and so may not be interacted withBuild info: version: '3.4.0', revision: 'unknown', time: 'unknown'System info: host: 'MC0Y6RJC', ip: '172.16.45.17', os.name: 'Windows 7', os.arch: 'amd64', os.version: '6.1', java.version: '1.8.0_161'Driver info: driver.version: unknownat <anonymous class>.fxdriver.preconditions.visible(file:///C:/Users/a631020/AppData/Local/Temp/anonymous6085420535414360228webdriver-profile/extensions/fxdriver@googlecode.com/components/command-processor.js:10919)at <anonymous class>.DelayedCommand.prototype.checkPreconditions_(file:///C:/Users/a631020/AppData/Local/Temp/anonymous6085420535414360228webdriver-profile/extensions/fxdriver@googlecode.com/components/command-processor.js:12862)at <anonymous class>.DelayedCommand.prototype.executeInternal_/k(file:///C:/Users/a631020/AppData/Local/Temp/anonymous6085420535414360228webdriver-profile/extensions/fxdriver@googlecode.com/components/command-processor.js:12879)at <anonymous class>.DelayedCommand.prototype.executeInternal_(file:///C:/Users/a631020/AppData/Local/Temp/anonymous6085420535414360228webdriver-profile/extensions/fxdriver@googlecode.com/components/command-processor.js:12884)at <anonymous class>.DelayedCommand.prototype.execute/<(file:///C:/Users/a631020/AppData/Local/Temp/anonymous6085420535414360228webdriver-profile/extensions/fxdriver@googlecode.com/components/command-processor.js:12826)... Removed 29 stack frames]]>
    </failure>
  </testcase> <!-- selectDress -->
  <testcase name="addToCart" time="0.001" classname="com.assignment5.ShoppingXML">
    <failure type="org.openqa.selenium.NoSuchElementException" message="Unable to locate element: {&amp;quot;method&amp;quot;:&amp;quot;xpath&amp;quot;,&amp;quot;selector&amp;quot;:&amp;quot;.//*[@id=&amp;apos;add_to_cart&amp;apos;]/button&amp;quot;}
Command duration or timeout: 1 milliseconds">
      <![CDATA[org.openqa.selenium.NoSuchElementException: Unable to locate element: {"method":"xpath","selector":".//*[@id='add_to_cart']/button"}Command duration or timeout: 1 millisecondsat org.openqa.selenium.remote.ErrorHandler.createThrowable(ErrorHandler.java:215)at org.openqa.selenium.remote.ErrorHandler.throwIfResponseFailed(ErrorHandler.java:167)at org.openqa.selenium.remote.RemoteWebDriver.execute(RemoteWebDriver.java:671)at org.openqa.selenium.remote.RemoteWebDriver.findElement(RemoteWebDriver.java:410)at org.openqa.selenium.remote.RemoteWebDriver.findElementByXPath(RemoteWebDriver.java:509)at org.openqa.selenium.By$ByXPath.findElement(By.java:361)at org.openqa.selenium.remote.RemoteWebDriver.findElement(RemoteWebDriver.java:402)at com.assignment5.ShoppingXML.addToCart(ShoppingXML.java:143)Caused by: org.openqa.selenium.NoSuchElementException: Unable to locate element: {"method":"xpath","selector":".//*[@id='add_to_cart']/button"}For documentation on this error, please visit: http://seleniumhq.org/exceptions/no_such_element.htmlBuild info: version: '3.4.0', revision: 'unknown', time: 'unknown'System info: host: 'MC0Y6RJC', ip: '172.16.45.17', os.name: 'Windows 7', os.arch: 'amd64', os.version: '6.1', java.version: '1.8.0_161'Driver info: driver.version: unknownat <anonymous class>.FirefoxDriver.prototype.findElementInternal_(file:///C:/Users/a631020/AppData/Local/Temp/anonymous6085420535414360228webdriver-profile/extensions/fxdriver@googlecode.com/components/driver-component.js:11390)at <anonymous class>.FirefoxDriver.prototype.findElement(file:///C:/Users/a631020/AppData/Local/Temp/anonymous6085420535414360228webdriver-profile/extensions/fxdriver@googlecode.com/components/driver-component.js:11399)at <anonymous class>.DelayedCommand.prototype.executeInternal_/k(file:///C:/Users/a631020/AppData/Local/Temp/anonymous6085420535414360228webdriver-profile/extensions/fxdriver@googlecode.com/components/command-processor.js:12879)at <anonymous class>.DelayedCommand.prototype.executeInternal_(file:///C:/Users/a631020/AppData/Local/Temp/anonymous6085420535414360228webdriver-profile/extensions/fxdriver@googlecode.com/components/command-processor.js:12884)at <anonymous class>.DelayedCommand.prototype.execute/<(file:///C:/Users/a631020/AppData/Local/Temp/anonymous6085420535414360228webdriver-profile/extensions/fxdriver@googlecode.com/components/command-processor.js:12826)... Removed 29 stack frames]]>
    </failure>
  </testcase> <!-- addToCart -->
  <testcase name="goToAddress" time="0.031" classname="com.assignment5.ShoppingXML">
    <failure type="org.openqa.selenium.NoSuchElementException" message="Unable to locate element: {&amp;quot;method&amp;quot;:&amp;quot;xpath&amp;quot;,&amp;quot;selector&amp;quot;:&amp;quot;.//*[@id=&amp;apos;center_column&amp;apos;]/p[2]/a[1]/span&amp;quot;}
Command duration or timeout: 31 milliseconds">
      <![CDATA[org.openqa.selenium.NoSuchElementException: Unable to locate element: {"method":"xpath","selector":".//*[@id='center_column']/p[2]/a[1]/span"}Command duration or timeout: 31 millisecondsat org.openqa.selenium.remote.ErrorHandler.createThrowable(ErrorHandler.java:215)at org.openqa.selenium.remote.ErrorHandler.throwIfResponseFailed(ErrorHandler.java:167)at org.openqa.selenium.remote.RemoteWebDriver.execute(RemoteWebDriver.java:671)at org.openqa.selenium.remote.RemoteWebDriver.findElement(RemoteWebDriver.java:410)at org.openqa.selenium.remote.RemoteWebDriver.findElementByXPath(RemoteWebDriver.java:509)at org.openqa.selenium.By$ByXPath.findElement(By.java:361)at org.openqa.selenium.remote.RemoteWebDriver.findElement(RemoteWebDriver.java:402)at com.assignment5.ShoppingXML.goToAddress(ShoppingXML.java:174)Caused by: org.openqa.selenium.NoSuchElementException: Unable to locate element: {"method":"xpath","selector":".//*[@id='center_column']/p[2]/a[1]/span"}For documentation on this error, please visit: http://seleniumhq.org/exceptions/no_such_element.htmlBuild info: version: '3.4.0', revision: 'unknown', time: 'unknown'System info: host: 'MC0Y6RJC', ip: '172.16.45.17', os.name: 'Windows 7', os.arch: 'amd64', os.version: '6.1', java.version: '1.8.0_161'Driver info: driver.version: unknownat <anonymous class>.FirefoxDriver.prototype.findElementInternal_(file:///C:/Users/a631020/AppData/Local/Temp/anonymous6085420535414360228webdriver-profile/extensions/fxdriver@googlecode.com/components/driver-component.js:11390)at <anonymous class>.FirefoxDriver.prototype.findElement(file:///C:/Users/a631020/AppData/Local/Temp/anonymous6085420535414360228webdriver-profile/extensions/fxdriver@googlecode.com/components/driver-component.js:11399)at <anonymous class>.DelayedCommand.prototype.executeInternal_/k(file:///C:/Users/a631020/AppData/Local/Temp/anonymous6085420535414360228webdriver-profile/extensions/fxdriver@googlecode.com/components/command-processor.js:12879)at <anonymous class>.DelayedCommand.prototype.executeInternal_(file:///C:/Users/a631020/AppData/Local/Temp/anonymous6085420535414360228webdriver-profile/extensions/fxdriver@googlecode.com/components/command-processor.js:12884)at <anonymous class>.DelayedCommand.prototype.execute/<(file:///C:/Users/a631020/AppData/Local/Temp/anonymous6085420535414360228webdriver-profile/extensions/fxdriver@googlecode.com/components/command-processor.js:12826)... Removed 29 stack frames]]>
    </failure>
  </testcase> <!-- goToAddress -->
</testsuite> <!-- Test -->
