<?xml version="1.0" encoding="UTF-8"?>
<!-- Generated by org.testng.reporters.JUnitReportReporter -->
<testsuite skipped="0" hostname="MC0Y6RJC" name="com.assignment5.ShoppingXML" tests="4" failures="0" timestamp="30 Mar 2018 09:09:17 GMT" time="14.395" errors="3">
  <testcase name="login" time="6.606" classname="com.assignment5.ShoppingXML"/>
  <testcase name="selectDress" time="7.757" classname="com.assignment5.ShoppingXML">
    <error type="org.openqa.selenium.ElementNotVisibleException" message="Element is not currently visible and so may not be interacted with
Command duration or timeout: 16 milliseconds">
      <![CDATA[org.openqa.selenium.ElementNotVisibleException: Element is not currently visible and so may not be interacted withCommand duration or timeout: 16 millisecondsat sun.reflect.NativeConstructorAccessorImpl.newInstance0(Native Method)at sun.reflect.NativeConstructorAccessorImpl.newInstance(Unknown Source)at sun.reflect.DelegatingConstructorAccessorImpl.newInstance(Unknown Source)at java.lang.reflect.Constructor.newInstance(Unknown Source)at org.openqa.selenium.remote.ErrorHandler.createThrowable(ErrorHandler.java:215)at org.openqa.selenium.remote.ErrorHandler.throwIfResponseFailed(ErrorHandler.java:167)at org.openqa.selenium.remote.RemoteWebDriver.execute(RemoteWebDriver.java:671)at org.openqa.selenium.remote.RemoteWebElement.execute(RemoteWebElement.java:272)at org.openqa.selenium.remote.RemoteWebElement.click(RemoteWebElement.java:82)at com.assignment5.ShoppingXML.selectDress(ShoppingXML.java:127)at sun.reflect.NativeMethodAccessorImpl.invoke0(Native Method)at sun.reflect.NativeMethodAccessorImpl.invoke(Unknown Source)at sun.reflect.DelegatingMethodAccessorImpl.invoke(Unknown Source)at java.lang.reflect.Method.invoke(Unknown Source)at org.testng.internal.MethodInvocationHelper.invokeMethod(MethodInvocationHelper.java:124)at org.testng.internal.Invoker.invokeMethod(Invoker.java:571)at org.testng.internal.Invoker.invokeTestMethod(Invoker.java:707)at org.testng.internal.Invoker.invokeTestMethods(Invoker.java:979)at org.testng.internal.TestMethodWorker.invokeTestMethods(TestMethodWorker.java:125)at org.testng.internal.TestMethodWorker.run(TestMethodWorker.java:109)at org.testng.TestRunner.privateRun(TestRunner.java:648)at org.testng.TestRunner.run(TestRunner.java:505)at org.testng.SuiteRunner.runTest(SuiteRunner.java:455)at org.testng.SuiteRunner.runSequentially(SuiteRunner.java:450)at org.testng.SuiteRunner.privateRun(SuiteRunner.java:415)at org.testng.SuiteRunner.run(SuiteRunner.java:364)at org.testng.SuiteRunnerWorker.runSuite(SuiteRunnerWorker.java:52)at org.testng.SuiteRunnerWorker.run(SuiteRunnerWorker.java:84)at org.testng.TestNG.runSuitesSequentially(TestNG.java:1187)at org.testng.TestNG.runSuitesLocally(TestNG.java:1116)at org.testng.TestNG.runSuites(TestNG.java:1028)at org.testng.TestNG.run(TestNG.java:996)at org.testng.remote.AbstractRemoteTestNG.run(AbstractRemoteTestNG.java:114)at org.testng.remote.RemoteTestNG.initAndRun(RemoteTestNG.java:251)at org.testng.remote.RemoteTestNG.main(RemoteTestNG.java:77)Caused by: org.openqa.selenium.ElementNotVisibleException: Element is not currently visible and so may not be interacted withBuild info: version: '3.4.0', revision: 'unknown', time: 'unknown'System info: host: 'MC0Y6RJC', ip: '172.16.45.17', os.name: 'Windows 7', os.arch: 'amd64', os.version: '6.1', java.version: '1.8.0_161'Driver info: driver.version: unknownat <anonymous class>.fxdriver.preconditions.visible(file:///C:/Users/a631020/AppData/Local/Temp/anonymous6085420535414360228webdriver-profile/extensions/fxdriver@googlecode.com/components/command-processor.js:10919)at <anonymous class>.DelayedCommand.prototype.checkPreconditions_(file:///C:/Users/a631020/AppData/Local/Temp/anonymous6085420535414360228webdriver-profile/extensions/fxdriver@googlecode.com/components/command-processor.js:12862)at <anonymous class>.DelayedCommand.prototype.executeInternal_/k(file:///C:/Users/a631020/AppData/Local/Temp/anonymous6085420535414360228webdriver-profile/extensions/fxdriver@googlecode.com/components/command-processor.js:12879)at <anonymous class>.DelayedCommand.prototype.executeInternal_(file:///C:/Users/a631020/AppData/Local/Temp/anonymous6085420535414360228webdriver-profile/extensions/fxdriver@googlecode.com/components/command-processor.js:12884)at <anonymous class>.DelayedCommand.prototype.execute/<(file:///C:/Users/a631020/AppData/Local/Temp/anonymous6085420535414360228webdriver-profile/extensions/fxdriver@googlecode.com/components/command-processor.js:12826)]]>
    </error>
  </testcase> <!-- selectDress -->
  <testcase name="addToCart" time="0.001" classname="com.assignment5.ShoppingXML">
    <error type="org.openqa.selenium.NoSuchElementException" message="Unable to locate element: {&quot;method&quot;:&quot;xpath&quot;,&quot;selector&quot;:&quot;.//*[@id=&#039;add_to_cart&#039;]/button&quot;}
Command duration or timeout: 1 milliseconds">
      <![CDATA[org.openqa.selenium.NoSuchElementException: Unable to locate element: {"method":"xpath","selector":".//*[@id='add_to_cart']/button"}Command duration or timeout: 1 millisecondsat sun.reflect.NativeConstructorAccessorImpl.newInstance0(Native Method)at sun.reflect.NativeConstructorAccessorImpl.newInstance(Unknown Source)at sun.reflect.DelegatingConstructorAccessorImpl.newInstance(Unknown Source)at java.lang.reflect.Constructor.newInstance(Unknown Source)at org.openqa.selenium.remote.ErrorHandler.createThrowable(ErrorHandler.java:215)at org.openqa.selenium.remote.ErrorHandler.throwIfResponseFailed(ErrorHandler.java:167)at org.openqa.selenium.remote.RemoteWebDriver.execute(RemoteWebDriver.java:671)at org.openqa.selenium.remote.RemoteWebDriver.findElement(RemoteWebDriver.java:410)at org.openqa.selenium.remote.RemoteWebDriver.findElementByXPath(RemoteWebDriver.java:509)at org.openqa.selenium.By$ByXPath.findElement(By.java:361)at org.openqa.selenium.remote.RemoteWebDriver.findElement(RemoteWebDriver.java:402)at com.assignment5.ShoppingXML.addToCart(ShoppingXML.java:143)at sun.reflect.NativeMethodAccessorImpl.invoke0(Native Method)at sun.reflect.NativeMethodAccessorImpl.invoke(Unknown Source)at sun.reflect.DelegatingMethodAccessorImpl.invoke(Unknown Source)at java.lang.reflect.Method.invoke(Unknown Source)at org.testng.internal.MethodInvocationHelper.invokeMethod(MethodInvocationHelper.java:124)at org.testng.internal.Invoker.invokeMethod(Invoker.java:571)at org.testng.internal.Invoker.invokeTestMethod(Invoker.java:707)at org.testng.internal.Invoker.invokeTestMethods(Invoker.java:979)at org.testng.internal.TestMethodWorker.invokeTestMethods(TestMethodWorker.java:125)at org.testng.internal.TestMethodWorker.run(TestMethodWorker.java:109)at org.testng.TestRunner.privateRun(TestRunner.java:648)at org.testng.TestRunner.run(TestRunner.java:505)at org.testng.SuiteRunner.runTest(SuiteRunner.java:455)at org.testng.SuiteRunner.runSequentially(SuiteRunner.java:450)at org.testng.SuiteRunner.privateRun(SuiteRunner.java:415)at org.testng.SuiteRunner.run(SuiteRunner.java:364)at org.testng.SuiteRunnerWorker.runSuite(SuiteRunnerWorker.java:52)at org.testng.SuiteRunnerWorker.run(SuiteRunnerWorker.java:84)at org.testng.TestNG.runSuitesSequentially(TestNG.java:1187)at org.testng.TestNG.runSuitesLocally(TestNG.java:1116)at org.testng.TestNG.runSuites(TestNG.java:1028)at org.testng.TestNG.run(TestNG.java:996)at org.testng.remote.AbstractRemoteTestNG.run(AbstractRemoteTestNG.java:114)at org.testng.remote.RemoteTestNG.initAndRun(RemoteTestNG.java:251)at org.testng.remote.RemoteTestNG.main(RemoteTestNG.java:77)Caused by: org.openqa.selenium.NoSuchElementException: Unable to locate element: {"method":"xpath","selector":".//*[@id='add_to_cart']/button"}For documentation on this error, please visit: http://seleniumhq.org/exceptions/no_such_element.htmlBuild info: version: '3.4.0', revision: 'unknown', time: 'unknown'System info: host: 'MC0Y6RJC', ip: '172.16.45.17', os.name: 'Windows 7', os.arch: 'amd64', os.version: '6.1', java.version: '1.8.0_161'Driver info: driver.version: unknownat <anonymous class>.FirefoxDriver.prototype.findElementInternal_(file:///C:/Users/a631020/AppData/Local/Temp/anonymous6085420535414360228webdriver-profile/extensions/fxdriver@googlecode.com/components/driver-component.js:11390)at <anonymous class>.FirefoxDriver.prototype.findElement(file:///C:/Users/a631020/AppData/Local/Temp/anonymous6085420535414360228webdriver-profile/extensions/fxdriver@googlecode.com/components/driver-component.js:11399)at <anonymous class>.DelayedCommand.prototype.executeInternal_/k(file:///C:/Users/a631020/AppData/Local/Temp/anonymous6085420535414360228webdriver-profile/extensions/fxdriver@googlecode.com/components/command-processor.js:12879)at <anonymous class>.DelayedCommand.prototype.executeInternal_(file:///C:/Users/a631020/AppData/Local/Temp/anonymous6085420535414360228webdriver-profile/extensions/fxdriver@googlecode.com/components/command-processor.js:12884)at <anonymous class>.DelayedCommand.prototype.execute/<(file:///C:/Users/a631020/AppData/Local/Temp/anonymous6085420535414360228webdriver-profile/extensions/fxdriver@googlecode.com/components/command-processor.js:12826)]]>
    </error>
  </testcase> <!-- addToCart -->
  <testcase name="goToAddress" time="0.031" classname="com.assignment5.ShoppingXML">
    <error type="org.openqa.selenium.NoSuchElementException" message="Unable to locate element: {&quot;method&quot;:&quot;xpath&quot;,&quot;selector&quot;:&quot;.//*[@id=&#039;center_column&#039;]/p[2]/a[1]/span&quot;}
Command duration or timeout: 31 milliseconds">
      <![CDATA[org.openqa.selenium.NoSuchElementException: Unable to locate element: {"method":"xpath","selector":".//*[@id='center_column']/p[2]/a[1]/span"}Command duration or timeout: 31 millisecondsat sun.reflect.NativeConstructorAccessorImpl.newInstance0(Native Method)at sun.reflect.NativeConstructorAccessorImpl.newInstance(Unknown Source)at sun.reflect.DelegatingConstructorAccessorImpl.newInstance(Unknown Source)at java.lang.reflect.Constructor.newInstance(Unknown Source)at org.openqa.selenium.remote.ErrorHandler.createThrowable(ErrorHandler.java:215)at org.openqa.selenium.remote.ErrorHandler.throwIfResponseFailed(ErrorHandler.java:167)at org.openqa.selenium.remote.RemoteWebDriver.execute(RemoteWebDriver.java:671)at org.openqa.selenium.remote.RemoteWebDriver.findElement(RemoteWebDriver.java:410)at org.openqa.selenium.remote.RemoteWebDriver.findElementByXPath(RemoteWebDriver.java:509)at org.openqa.selenium.By$ByXPath.findElement(By.java:361)at org.openqa.selenium.remote.RemoteWebDriver.findElement(RemoteWebDriver.java:402)at com.assignment5.ShoppingXML.goToAddress(ShoppingXML.java:174)at sun.reflect.NativeMethodAccessorImpl.invoke0(Native Method)at sun.reflect.NativeMethodAccessorImpl.invoke(Unknown Source)at sun.reflect.DelegatingMethodAccessorImpl.invoke(Unknown Source)at java.lang.reflect.Method.invoke(Unknown Source)at org.testng.internal.MethodInvocationHelper.invokeMethod(MethodInvocationHelper.java:124)at org.testng.internal.Invoker.invokeMethod(Invoker.java:571)at org.testng.internal.Invoker.invokeTestMethod(Invoker.java:707)at org.testng.internal.Invoker.invokeTestMethods(Invoker.java:979)at org.testng.internal.TestMethodWorker.invokeTestMethods(TestMethodWorker.java:125)at org.testng.internal.TestMethodWorker.run(TestMethodWorker.java:109)at org.testng.TestRunner.privateRun(TestRunner.java:648)at org.testng.TestRunner.run(TestRunner.java:505)at org.testng.SuiteRunner.runTest(SuiteRunner.java:455)at org.testng.SuiteRunner.runSequentially(SuiteRunner.java:450)at org.testng.SuiteRunner.privateRun(SuiteRunner.java:415)at org.testng.SuiteRunner.run(SuiteRunner.java:364)at org.testng.SuiteRunnerWorker.runSuite(SuiteRunnerWorker.java:52)at org.testng.SuiteRunnerWorker.run(SuiteRunnerWorker.java:84)at org.testng.TestNG.runSuitesSequentially(TestNG.java:1187)at org.testng.TestNG.runSuitesLocally(TestNG.java:1116)at org.testng.TestNG.runSuites(TestNG.java:1028)at org.testng.TestNG.run(TestNG.java:996)at org.testng.remote.AbstractRemoteTestNG.run(AbstractRemoteTestNG.java:114)at org.testng.remote.RemoteTestNG.initAndRun(RemoteTestNG.java:251)at org.testng.remote.RemoteTestNG.main(RemoteTestNG.java:77)Caused by: org.openqa.selenium.NoSuchElementException: Unable to locate element: {"method":"xpath","selector":".//*[@id='center_column']/p[2]/a[1]/span"}For documentation on this error, please visit: http://seleniumhq.org/exceptions/no_such_element.htmlBuild info: version: '3.4.0', revision: 'unknown', time: 'unknown'System info: host: 'MC0Y6RJC', ip: '172.16.45.17', os.name: 'Windows 7', os.arch: 'amd64', os.version: '6.1', java.version: '1.8.0_161'Driver info: driver.version: unknownat <anonymous class>.FirefoxDriver.prototype.findElementInternal_(file:///C:/Users/a631020/AppData/Local/Temp/anonymous6085420535414360228webdriver-profile/extensions/fxdriver@googlecode.com/components/driver-component.js:11390)at <anonymous class>.FirefoxDriver.prototype.findElement(file:///C:/Users/a631020/AppData/Local/Temp/anonymous6085420535414360228webdriver-profile/extensions/fxdriver@googlecode.com/components/driver-component.js:11399)at <anonymous class>.DelayedCommand.prototype.executeInternal_/k(file:///C:/Users/a631020/AppData/Local/Temp/anonymous6085420535414360228webdriver-profile/extensions/fxdriver@googlecode.com/components/command-processor.js:12879)at <anonymous class>.DelayedCommand.prototype.executeInternal_(file:///C:/Users/a631020/AppData/Local/Temp/anonymous6085420535414360228webdriver-profile/extensions/fxdriver@googlecode.com/components/command-processor.js:12884)at <anonymous class>.DelayedCommand.prototype.execute/<(file:///C:/Users/a631020/AppData/Local/Temp/anonymous6085420535414360228webdriver-profile/extensions/fxdriver@googlecode.com/components/command-processor.js:12826)]]>
    </error>
  </testcase> <!-- goToAddress -->
</testsuite> <!-- com.assignment5.ShoppingXML -->
